{
  "stats": {
    "suites": 1,
    "tests": 1,
    "passes": 0,
    "pending": 0,
    "failures": 1,
    "start": "2024-11-11T08:25:25.937Z",
    "end": "2024-11-11T08:25:31.419Z",
    "duration": 5482,
    "testsRegistered": 1,
    "passPercent": 0,
    "pendingPercent": 0,
    "other": 0,
    "hasOther": false,
    "skipped": 0,
    "hasSkipped": false
  },
  "results": [
    {
      "uuid": "d3c35eb3-652b-4c65-968a-e5e0657a4ad8",
      "title": "",
      "fullFile": "cypress\\Integration\\examples\\fakeTest2.js",
      "file": "cypress\\Integration\\examples\\fakeTest2.js",
      "beforeHooks": [],
      "afterHooks": [],
      "tests": [],
      "suites": [
        {
          "uuid": "a9d79c85-1bc1-4941-83a9-2b9000fa5d55",
          "title": "API request mocking",
          "fullFile": "",
          "file": "",
          "beforeHooks": [],
          "afterHooks": [],
          "tests": [
            {
              "title": "Api request mocking",
              "fullTitle": "API request mocking Api request mocking",
              "timedOut": null,
              "duration": 714,
              "state": "failed",
              "speed": null,
              "pass": false,
              "fail": true,
              "pending": false,
              "context": "[\n  {\n    \"title\": \"cypress-mochawesome-reporter-videos-failed\",\n    \"value\": \"cypress\\\\Integration\\\\examples\\\\fakeTest2.js\"\n  },\n  {\n    \"title\": \"cypress-mochawesome-reporter-screenshots\",\n    \"value\": [\n      [\n        \"\\\\fakeTest2.js\\\\API request mocking -- Api request mocking (failed).png\"\n      ],\n      [\n        \"\\\\fakeTest2.js\\\\API request mocking -- Api request mocking (failed) (attempt 2).png\"\n      ]\n    ]\n  }\n]",
              "code": "cy.visit('https://rahulshettyacademy.com/angularAppdemo');\ncy.intercept('GET', 'https://rahulshettyacademy.com/Library/GetBook.php?AuthorName=shetty', function (req) {\n  req.url = 'https://rahulshettyacademy.com/Library/GetBook.php?AuthorName=malhotra';\n  req[\"continue\"](function (res) {\n    expect(res.statusCode).to.equal(403);\n  });\n}).as('dummyURL');\ncy.get('div button[type=\"button\"]').click();\ncy.wait('@dummyURL');",
              "err": {
                "message": "AssertionError: expected 200 to equal 403",
                "estack": "AssertionError: expected 200 to equal 403\n    at eval (cypress/Integration/examples/fakeTest2.js:11:42)",
                "diff": "- 200\n+ 403\n"
              },
              "uuid": "64a0fd0f-4e79-4f25-af90-ed77a78ac9ca",
              "parentUUID": "a9d79c85-1bc1-4941-83a9-2b9000fa5d55",
              "isHook": false,
              "skipped": false
            }
          ],
          "suites": [],
          "passes": [],
          "failures": [
            "64a0fd0f-4e79-4f25-af90-ed77a78ac9ca"
          ],
          "pending": [],
          "skipped": [],
          "duration": 714,
          "root": false,
          "rootEmpty": false,
          "_timeout": 2000
        }
      ],
      "passes": [],
      "failures": [],
      "pending": [],
      "skipped": [],
      "duration": 0,
      "root": true,
      "rootEmpty": true,
      "_timeout": 2000
    }
  ],
  "meta": {
    "mocha": {
      "version": "7.0.1"
    },
    "mochawesome": {
      "options": {
        "quiet": false,
        "reportFilename": "mochawesome",
        "saveHtml": false,
        "saveJson": true,
        "consoleReporter": "spec",
        "useInlineDiffs": false,
        "code": true
      },
      "version": "7.1.3"
    },
    "marge": {
      "options": {
        "charts": true,
        "reportPageTitle": "TestReportCypressLearning",
        "embeddedScreenshots": true,
        "inlineAssets": true,
        "saveAllAttempts": false,
        "videoOnFailOnly": false,
        "overwrite": false,
        "html": false,
        "json": true,
        "reportDir": "cypress\\reports\\html\\.jsons"
      },
      "version": "6.2.0"
    }
  }
}