{
  "stats": {
    "suites": 1,
    "tests": 1,
    "passes": 1,
    "pending": 0,
    "failures": 0,
    "start": "2024-11-11T08:53:26.945Z",
    "end": "2024-11-11T08:53:31.332Z",
    "duration": 4387,
    "testsRegistered": 1,
    "passPercent": 100,
    "pendingPercent": 0,
    "other": 0,
    "hasOther": false,
    "skipped": 0,
    "hasSkipped": false
  },
  "results": [
    {
      "uuid": "a4d080a5-c184-4dc9-9bf6-d7e61a6cf7e5",
      "title": "",
      "fullFile": "cypress\\Integration\\examples\\fakeTest2.js",
      "file": "cypress\\Integration\\examples\\fakeTest2.js",
      "beforeHooks": [],
      "afterHooks": [],
      "tests": [],
      "suites": [
        {
          "uuid": "2b8f468f-30c9-47aa-b3df-e2e436351bff",
          "title": "API request mocking",
          "fullFile": "",
          "file": "",
          "beforeHooks": [],
          "afterHooks": [],
          "tests": [
            {
              "title": "Api request mocking",
              "fullTitle": "API request mocking Api request mocking",
              "timedOut": null,
              "duration": 706,
              "state": "passed",
              "speed": "fast",
              "pass": true,
              "fail": false,
              "pending": false,
              "context": "{\n  \"title\": \"cypress-mochawesome-reporter-videos-passed\",\n  \"value\": \"cypress\\\\Integration\\\\examples\\\\fakeTest2.js\"\n}",
              "code": "cy.visit('https://rahulshettyacademy.com/angularAppdemo');\ncy.intercept('GET', 'https://rahulshettyacademy.com/Library/GetBook.php?AuthorName=shetty', function (req) {\n  req.url = 'https://rahulshettyacademy.com/Library/GetBook.php?AuthorName=malhotra';\n  return req;\n  // req.continue((res) => {\n  //     // expect(res.statusCode).to.equal(403)\n  // })\n}).as('dummyURL');\ncy.get('div button[type=\"button\"]').click();\ncy.wait('@dummyURL');",
              "err": {},
              "uuid": "dd21ea27-5739-4a6d-aa37-3d363d6cb35f",
              "parentUUID": "2b8f468f-30c9-47aa-b3df-e2e436351bff",
              "isHook": false,
              "skipped": false
            }
          ],
          "suites": [],
          "passes": [
            "dd21ea27-5739-4a6d-aa37-3d363d6cb35f"
          ],
          "failures": [],
          "pending": [],
          "skipped": [],
          "duration": 706,
          "root": false,
          "rootEmpty": false,
          "_timeout": 2000
        }
      ],
      "passes": [],
      "failures": [],
      "pending": [],
      "skipped": [],
      "duration": 0,
      "root": true,
      "rootEmpty": true,
      "_timeout": 2000
    }
  ],
  "meta": {
    "mocha": {
      "version": "7.0.1"
    },
    "mochawesome": {
      "options": {
        "quiet": false,
        "reportFilename": "mochawesome",
        "saveHtml": false,
        "saveJson": true,
        "consoleReporter": "spec",
        "useInlineDiffs": false,
        "code": true
      },
      "version": "7.1.3"
    },
    "marge": {
      "options": {
        "charts": true,
        "reportPageTitle": "TestReportCypressLearning",
        "embeddedScreenshots": true,
        "inlineAssets": true,
        "saveAllAttempts": false,
        "videoOnFailOnly": false,
        "overwrite": false,
        "html": false,
        "json": true,
        "reportDir": "cypress\\reports\\html\\.jsons"
      },
      "version": "6.2.0"
    }
  }
}