{
  "stats": {
    "suites": 1,
    "tests": 1,
    "passes": 1,
    "pending": 0,
    "failures": 0,
    "start": "2024-11-07T10:13:15.799Z",
    "end": "2024-11-07T10:13:19.625Z",
    "duration": 3826,
    "testsRegistered": 1,
    "passPercent": 100,
    "pendingPercent": 0,
    "other": 0,
    "hasOther": false,
    "skipped": 0,
    "hasSkipped": false
  },
  "results": [
    {
      "uuid": "e96e898a-08ef-4a3b-ab1e-694d621e8afe",
      "title": "",
      "fullFile": "cypress\\Integration\\examples\\fakeTest.js",
      "file": "cypress\\Integration\\examples\\fakeTest.js",
      "beforeHooks": [],
      "afterHooks": [],
      "tests": [],
      "suites": [
        {
          "uuid": "550ece07-076e-4482-b49f-3fd8477dec2a",
          "title": "API response mocking",
          "fullFile": "",
          "file": "",
          "beforeHooks": [],
          "afterHooks": [],
          "tests": [
            {
              "title": "API response mocking",
              "fullTitle": "API response mocking API response mocking",
              "timedOut": null,
              "duration": 1021,
              "state": "passed",
              "speed": "fast",
              "pass": true,
              "fail": false,
              "pending": false,
              "context": "[\n  {\n    \"title\": \"cypress-mochawesome-reporter-videos-passed\",\n    \"value\": \"cypress\\\\Integration\\\\examples\\\\fakeTest.js\"\n  },\n  {\n    \"title\": \"cypress-mochawesome-reporter-screenshots\",\n    \"value\": [\n      [\n        \"\\\\fakeTest.js\\\\API response mocking -- API response mocking.png\"\n      ]\n    ]\n  }\n]",
              "code": "cy.visit('https://rahulshettyacademy.com/angularAppdemo');\ncy.intercept({\n  method: 'GET',\n  url: 'https://rahulshettyacademy.com/Library/GetBook.php?AuthorName=shetty'\n}, {\n  statusCode: 200,\n  body: [{\n    \"book_name\": \"Learn Appium Automation with Java\",\n    \"isbn\": \"RS531\",\n    \"aisle\": \"2275\"\n  }]\n}).as('bookRetrievals');\ncy.get('div button[type=\"button\"]').click();\ncy.wait('@bookRetrievals');\ncy.get('app-library-dashboard p').should('have.text', 'Oops only 1 Book available');\ncy.screenshot();",
              "err": {},
              "uuid": "2fee241e-d3ff-4a69-9ede-2504d77cdff6",
              "parentUUID": "550ece07-076e-4482-b49f-3fd8477dec2a",
              "isHook": false,
              "skipped": false
            }
          ],
          "suites": [],
          "passes": [
            "2fee241e-d3ff-4a69-9ede-2504d77cdff6"
          ],
          "failures": [],
          "pending": [],
          "skipped": [],
          "duration": 1021,
          "root": false,
          "rootEmpty": false,
          "_timeout": 2000
        }
      ],
      "passes": [],
      "failures": [],
      "pending": [],
      "skipped": [],
      "duration": 0,
      "root": true,
      "rootEmpty": true,
      "_timeout": 2000
    }
  ],
  "meta": {
    "mocha": {
      "version": "7.0.1"
    },
    "mochawesome": {
      "options": {
        "quiet": false,
        "reportFilename": "mochawesome",
        "saveHtml": false,
        "saveJson": true,
        "consoleReporter": "spec",
        "useInlineDiffs": false,
        "code": true
      },
      "version": "7.1.3"
    },
    "marge": {
      "options": {
        "charts": true,
        "reportPageTitle": "TestReportCypressLearning",
        "embeddedScreenshots": true,
        "inlineAssets": true,
        "saveAllAttempts": false,
        "videoOnFailOnly": false,
        "overwrite": false,
        "html": false,
        "json": true,
        "reportDir": "cypress\\reports\\html\\.jsons"
      },
      "version": "6.2.0"
    }
  }
}