{
  "stats": {
    "suites": 1,
    "tests": 1,
    "passes": 1,
    "pending": 0,
    "failures": 0,
    "start": "2024-10-28T10:04:27.773Z",
    "end": "2024-10-28T10:04:41.400Z",
    "duration": 13627,
    "testsRegistered": 1,
    "passPercent": 100,
    "pendingPercent": 0,
    "other": 0,
    "hasOther": false,
    "skipped": 0,
    "hasSkipped": false
  },
  "results": [
    {
      "uuid": "7ad987d4-e4f5-4f2a-b66b-70c54f226e91",
      "title": "",
      "fullFile": "cypress\\integration\\examples\\Test11.js",
      "file": "cypress\\integration\\examples\\Test11.js",
      "beforeHooks": [],
      "afterHooks": [],
      "tests": [],
      "suites": [
        {
          "uuid": "3a2b28a3-a092-4331-86de-234655010502",
          "title": "My eleventh test suite",
          "fullFile": "",
          "file": "",
          "beforeHooks": [],
          "afterHooks": [],
          "tests": [
            {
              "title": "Hooks",
              "fullTitle": "My eleventh test suite Hooks",
              "timedOut": null,
              "duration": 10447,
              "state": "passed",
              "speed": "slow",
              "pass": true,
              "fail": false,
              "pending": false,
              "context": "{\n  \"title\": \"cypress-mochawesome-reporter-videos-passed\",\n  \"value\": \"cypress\\\\integration\\\\examples\\\\Test11.js\"\n}",
              "code": "Cypress.config('defaultCommandTimeout', 6000);\nconst homePage = new _homepage.default();\nconst productPage = new _productpage.default();\n//homepage\ncy.visit(Cypress.env('url') + \"/angularpractice\");\nhomePage.getName().type(this.data.name);\nhomePage.getTwoWayDataBindin().should('have.value', this.data.name);\nhomePage.getEmail().type(this.data.email);\nhomePage.getPassword().type(this.data.password);\nhomePage.getCheckBox().check();\nhomePage.getGender().select(this.data.gender);\nhomePage.getEmpRadioBtn().click();\nhomePage.getName().should('have.attr', 'minlength', '2');\nhomePage.getEntepreneurRadioBtn().should('be.disabled');\nhomePage.getBirthDay().type(\"1990-05-01\");\ncy.get('.btn-success').click();\nhomePage.getShopTab().click();\n//Product page\nthis.data.productName.forEach(function (element) {\n  cy.selectProduct(element);\n});\nproductPage.checkOutBtn().click();\n// Adding values of all the products added to cart\nvar sum = 0;\ncy.get('tr td:nth-child(4) strong').each(($el, list, index) => {\n  var amount = $el.text().split(\" \")[1].trim();\n  cy.log(amount);\n  sum = Number(sum) + Number(amount);\n}).then(function () {\n  cy.log('total sum ' + sum);\n});\n// Assertion - Check if the total of all the amount calculated above matches with total amount displayed on the website \ncy.get('td h3 strong').then(function (finalAmtTxt) {\n  var finalAmount = parseInt(finalAmtTxt.text().split(\" \")[1].trim());\n  cy.log(finalAmount);\n  expect(finalAmount).to.equal(sum);\n  if (finalAmount === sum) {\n    cy.log(\"Sum of total of all products matches\");\n  } else {\n    cy.log(\"Sum of total of all products doesn't match\");\n  }\n});\nproductPage.clickCheckOut().click();\nproductPage.typeCountryName().type('India');\n// cy.wait(5000)\n// cy.waitForm('.suggestion a')\nproductPage.clickCountry().click();\n// cy.wait(2000)\nproductPage.TncCheckbox().click({\n  force: true\n});\nproductPage.purchaseBtn().click();\n// cy.get('.alert').should('have.text',\"Success! Thank you! Your order will be delivered in next few weeks :-).\")\ncy.get('.alert').then(function (element) {\n  const actualText = element.text();\n  expect(actualText.includes('Success!')).to.be.true;\n});\n// productPage.alertMsg().invoke('text').should('contain', \"Success! Thank you! Your order will be delivered in next few weeks :-).\")",
              "err": {},
              "uuid": "2e73b994-9ef7-4795-a97f-6a2c16d05c99",
              "parentUUID": "3a2b28a3-a092-4331-86de-234655010502",
              "isHook": false,
              "skipped": false
            }
          ],
          "suites": [],
          "passes": [
            "2e73b994-9ef7-4795-a97f-6a2c16d05c99"
          ],
          "failures": [],
          "pending": [],
          "skipped": [],
          "duration": 10447,
          "root": false,
          "rootEmpty": false,
          "_timeout": 2000
        }
      ],
      "passes": [],
      "failures": [],
      "pending": [],
      "skipped": [],
      "duration": 0,
      "root": true,
      "rootEmpty": true,
      "_timeout": 2000
    }
  ],
  "meta": {
    "mocha": {
      "version": "7.0.1"
    },
    "mochawesome": {
      "options": {
        "quiet": false,
        "reportFilename": "mochawesome",
        "saveHtml": false,
        "saveJson": true,
        "consoleReporter": "spec",
        "useInlineDiffs": false,
        "code": true
      },
      "version": "7.1.3"
    },
    "marge": {
      "options": {
        "charts": true,
        "reportPageTitle": "TestReportCypressLearning",
        "embeddedScreenshots": true,
        "inlineAssets": true,
        "saveAllAttempts": false,
        "videoOnFailOnly": false,
        "overwrite": false,
        "html": false,
        "json": true,
        "reportDir": "cypress\\reports\\html\\.jsons"
      },
      "version": "6.2.0"
    }
  }
}